common\dictionary\cached_dictionary.py:32: error: Need type annotation for "_cache"  [var-annotated]
bv_utils.py:10: error: Library stubs not installed for "requests"  [import-untyped]
audio_processor.py:9: error: Skipping analyzing "moviepy": module is installed, but missing library stubs or py.typed marker  [import-untyped]
audio_processor.py:142: error: Skipping analyzing "pydub": module is installed, but missing library stubs or py.typed marker  [import-untyped]
video_downloader.py:13: error: Library stubs not installed for "yt_dlp"  [import-untyped]
video_downloader.py:13: note: Hint: "python3 -m pip install types-yt-dlp"
video_downloader.py:314: error: Argument "headers" to "Request" has incompatible type "object"; expected "MutableMapping[str, str]"  [arg-type]
video_downloader.py:478: error: Argument 1 to "update" of "MutableMapping" has incompatible type "Collection[str]"; expected "Iterable[tuple[str, object]]"  [arg-type]
scores\translation\translation_scores.py:259: error: Incompatible types in assignment (expression has type "list[str]", target has type "int")  [assignment]
scores\translation\translation_scores.py:261: error: Incompatible types in assignment (expression has type "list[str]", target has type "int")  [assignment]
scores\translation\translation_scores.py:272: error: Incompatible types in assignment (expression has type "str", target has type "int")  [assignment]
scores\translation\translation_scores.py:274: error: Incompatible types in assignment (expression has type "str", target has type "int")  [assignment]
scores\translation\translation_scores.py:276: error: Incompatible types in assignment (expression has type "str", target has type "int")  [assignment]
scores\ASR\asr_scorer.py:309: error: Argument 3 to "_check_context_match" of "AsrScorer" has incompatible type "Sequence[str]"; expected "list[str]"  [arg-type]
ai_services.py:11: error: Skipping analyzing "dashscope": module is installed, but missing library stubs or py.typed marker  [import-untyped]
ai_services.py:12: error: Library stubs not installed for "requests"  [import-untyped]
ai_services.py:12: note: Hint: "python3 -m pip install types-requests"
ai_services.py:12: note: (or run "mypy --install-types" to install all missing stub packages)
ai_services.py:13: error: Skipping analyzing "pydub": module is installed, but missing library stubs or py.typed marker  [import-untyped]
ai_services.py:116: error: Incompatible types in assignment (expression has type "None", variable has type "TranslationScorer")  [assignment]
ai_services.py:124: error: Incompatible types in assignment (expression has type "None", variable has type "AsrScorer")  [assignment]
ai_services.py:159: error: Skipping analyzing "oss2": module is installed, but missing library stubs or py.typed marker  [import-untyped]
ai_services.py:300: error: Skipping analyzing "dashscope.audio.asr": module is installed, but missing library stubs or py.typed marker  [import-untyped]
ai_services.py:300: note: See https://mypy.readthedocs.io/en/stable/running_mypy.html#missing-imports
Found 20 errors in 7 files (checked 23 source files)
Exit code: 1
